<?xml version="1.0" encoding="UTF-8"?>
<testng-results skipped="0" failed="0" total="1" passed="1">
  <reporter-output>
  </reporter-output>
  <suite name="CreatePatient" duration-ms="13571" started-at="2019-12-19T17:50:45Z" finished-at="2019-12-19T17:50:59Z">
    <groups>
      <group name="cucumber">
        <method signature="AbstractTestNGCucumberTests.feature(cucumber.api.testng.CucumberFeatureWrapper)[pri:0, instance:runners.runner@1ce92674]" name="feature" class="cucumber.api.testng.AbstractTestNGCucumberTests"/>
      </group> <!-- cucumber -->
    </groups>
    <test name="Test" duration-ms="13571" started-at="2019-12-19T17:50:45Z" finished-at="2019-12-19T17:50:59Z">
      <class name="runners.runner">
        <test-method status="PASS" signature="setUpClass()[pri:0, instance:runners.runner@1ce92674]" name="setUpClass" is-config="true" duration-ms="260" started-at="2019-12-19T17:50:45Z" finished-at="2019-12-19T17:50:45Z">
          <reporter-output>
          </reporter-output>
        </test-method> <!-- setUpClass -->
        <test-method status="PASS" signature="feature(cucumber.api.testng.CucumberFeatureWrapper)[pri:0, instance:runners.runner@1ce92674]" name="feature" duration-ms="12956" started-at="2019-12-19T17:50:46Z" description="Runs Cucumber Feature" data-provider="features" finished-at="2019-12-19T17:50:58Z">
          <params>
            <param index="0">
              <value>
                <![CDATA[Create patient]]>
              </value>
            </param>
          </params>
          <reporter-output>
          </reporter-output>
        </test-method> <!-- feature -->
        <test-method status="PASS" signature="tearDownClass()[pri:0, instance:runners.runner@1ce92674]" name="tearDownClass" is-config="true" duration-ms="277" started-at="2019-12-19T17:50:58Z" finished-at="2019-12-19T17:50:59Z">
          <reporter-output>
          </reporter-output>
        </test-method> <!-- tearDownClass -->
      </class> <!-- runners.runner -->
    </test> <!-- Test -->
  </suite> <!-- CreatePatient -->
</testng-results>
